{
  "stats": {
    "suites": 3,
    "tests": 3,
    "passes": 3,
    "pending": 0,
    "failures": 0,
    "start": "2020-03-22T14:04:29.841Z",
    "end": "2020-03-22T14:04:29.968Z",
    "duration": 127,
    "testsRegistered": 3,
    "passPercent": 100,
    "pendingPercent": 0,
    "other": 0,
    "hasOther": false,
    "skipped": 0,
    "hasSkipped": false
  },
  "results": [
    {
      "uuid": "de192fe1-4e8b-4e84-8232-ea951d343c36",
      "title": "",
      "fullFile": "",
      "file": "",
      "beforeHooks": [],
      "afterHooks": [],
      "tests": [],
      "suites": [
        {
          "uuid": "62de2f95-f9f9-4b34-b7da-859d696edc19",
          "title": "When I access the employees via web service",
          "fullFile": "D:\\FrisbyJS_Framework\\TestCases\\Test.js",
          "file": "\\Test.js",
          "beforeHooks": [],
          "afterHooks": [],
          "tests": [
            {
              "title": "should return all the employees",
              "fullTitle": "When I access the employees via web service should return all the employees",
              "timedOut": false,
              "duration": 38,
              "state": "passed",
              "speed": "medium",
              "pass": true,
              "fail": false,
              "pending": false,
              "context": null,
              "code": "frisbyGetRequest.sendGetRequest(data.url_get)\n.expect('status', 200);",
              "err": {},
              "uuid": "39fc31ad-cfae-479d-b188-d231a3b6815c",
              "parentUUID": "62de2f95-f9f9-4b34-b7da-859d696edc19",
              "isHook": false,
              "skipped": false
            }
          ],
          "suites": [],
          "passes": [
            "39fc31ad-cfae-479d-b188-d231a3b6815c"
          ],
          "failures": [],
          "pending": [],
          "skipped": [],
          "duration": 38,
          "root": false,
          "rootEmpty": false,
          "_timeout": 2000
        },
        {
          "uuid": "f78a3894-b0da-4602-a188-424f62d3c536",
          "title": "Deleting an employee via web services",
          "fullFile": "D:\\FrisbyJS_Framework\\TestCases\\Test.js",
          "file": "\\Test.js",
          "beforeHooks": [],
          "afterHooks": [],
          "tests": [
            {
              "title": "should create an employee",
              "fullTitle": "Deleting an employee via web services should create an employee",
              "timedOut": false,
              "duration": 4,
              "state": "passed",
              "speed": "fast",
              "pass": true,
              "fail": false,
              "pending": false,
              "context": null,
              "code": "// Return the Frisby.js Spec in the 'it()' (just like a promise)\n\tfrisbyDeleteRequest.sendDeleteRequest(data.url_delete)\n  .expect('status',200);\n\tconsole.log('status');",
              "err": {},
              "uuid": "ea36555d-d35c-4e33-be43-9082c38a18c6",
              "parentUUID": "f78a3894-b0da-4602-a188-424f62d3c536",
              "isHook": false,
              "skipped": false
            }
          ],
          "suites": [],
          "passes": [
            "ea36555d-d35c-4e33-be43-9082c38a18c6"
          ],
          "failures": [],
          "pending": [],
          "skipped": [],
          "duration": 4,
          "root": false,
          "rootEmpty": false,
          "_timeout": 2000
        },
        {
          "uuid": "31976c73-393e-4686-8d36-6c5264e26b9f",
          "title": "Adding an employee via web services",
          "fullFile": "D:\\FrisbyJS_Framework\\TestCases\\Test.js",
          "file": "\\Test.js",
          "beforeHooks": [],
          "afterHooks": [],
          "tests": [
            {
              "title": "should delete an employee",
              "fullTitle": "Adding an employee via web services should delete an employee",
              "timedOut": false,
              "duration": 4,
              "state": "passed",
              "speed": "fast",
              "pass": true,
              "fail": false,
              "pending": false,
              "context": null,
              "code": "// Return the Frisby.js Spec in the 'it()' (just like a promise)\n\tfrisbyPostRequest.sendPostRequest(data.url_post, {first_name: data.first_name, last_name: data.last_name, email : data.email})\n  .expect('status',201);\n\tconsole.log('status');",
              "err": {},
              "uuid": "7acdc77c-9c08-4ad9-b750-a37d1f783403",
              "parentUUID": "31976c73-393e-4686-8d36-6c5264e26b9f",
              "isHook": false,
              "skipped": false
            }
          ],
          "suites": [],
          "passes": [
            "7acdc77c-9c08-4ad9-b750-a37d1f783403"
          ],
          "failures": [],
          "pending": [],
          "skipped": [],
          "duration": 4,
          "root": false,
          "rootEmpty": false,
          "_timeout": 2000
        }
      ],
      "passes": [],
      "failures": [],
      "pending": [],
      "skipped": [],
      "duration": 0,
      "root": true,
      "rootEmpty": true,
      "_timeout": 2000
    }
  ],
  "meta": {
    "mocha": {
      "version": "7.1.1"
    },
    "mochawesome": {
      "options": {
        "quiet": false,
        "reportFilename": "mochawesome",
        "saveHtml": true,
        "saveJson": true,
        "consoleReporter": "spec",
        "useInlineDiffs": false,
        "code": true
      },
      "version": "5.0.0"
    },
    "marge": {
      "options": null,
      "version": "4.1.0"
    }
  }
}